app/build/intermediates/manifest_merge_blame_file/debug/manifest-merger-blame-debug-report.txt
1<?xml version="1.0" encoding="utf-8"?>
2<manifest xmlns:android="http://schemas.android.com/apk/res/android"
3    package="com.example.is3testsproject"
4    android:versionCode="1"
5    android:versionName="1.0" >
6
7    <uses-sdk
8        android:minSdkVersion="21"
8-->src\main\AndroidManifest.xml
9        android:targetSdkVersion="32" />
9-->src\main\AndroidManifest.xml
10
11    <uses-permission android:name="android.permission.ACCESS_FINE_LOCATION" />
11-->src\main\AndroidManifest.xml:6:5-79
11-->src\main\AndroidManifest.xml:6:22-76
12
13    <!-- Include required permissions for Google Maps API to run. -->
14    <uses-permission android:name="android.permission.ACCESS_NETWORK_STATE" />
14-->[com.google.android.gms:play-services-maps:17.0.1] AndroidManifest.xml:23:5-79
14-->[com.google.android.gms:play-services-maps:17.0.1] AndroidManifest.xml:23:22-76
15    <uses-permission android:name="android.permission.INTERNET" />
15-->[com.google.android.gms:play-services-maps:17.0.1] AndroidManifest.xml:24:5-67
15-->[com.google.android.gms:play-services-maps:17.0.1] AndroidManifest.xml:24:22-64
16
17    <uses-feature
17-->[com.google.android.gms:play-services-maps:17.0.1] AndroidManifest.xml:26:5-28:35
18        android:glEsVersion="0x00020000"
18-->[com.google.android.gms:play-services-maps:17.0.1] AndroidManifest.xml:27:9-41
19        android:required="true" />
19-->[com.google.android.gms:play-services-maps:17.0.1] AndroidManifest.xml:28:9-32
20
21    <queries>
21-->[com.google.android.gms:play-services-maps:17.0.1] AndroidManifest.xml:30:5-34:15
22
23        <!-- Needs to be explicitly declared on Android R+ -->
24        <package android:name="com.google.android.apps.maps" />
24-->[com.google.android.gms:play-services-maps:17.0.1] AndroidManifest.xml:33:9-64
24-->[com.google.android.gms:play-services-maps:17.0.1] AndroidManifest.xml:33:18-61
25    </queries> <!-- Required by older versions of Google Play services to create GCM registration tokens -->
26    <uses-permission android:name="com.google.android.c2dm.permission.RECEIVE" />
26-->[com.google.android.gms:play-services-gcm:17.0.0] AndroidManifest.xml:23:5-82
26-->[com.google.android.gms:play-services-gcm:17.0.0] AndroidManifest.xml:23:22-79
27
28    <application
28-->src\main\AndroidManifest.xml:8:5-70:19
29        android:allowBackup="true"
29-->src\main\AndroidManifest.xml:9:9-35
30        android:appComponentFactory="androidx.core.app.CoreComponentFactory"
30-->[androidx.core:core:1.5.0] AndroidManifest.xml:24:18-86
31        android:dataExtractionRules="@xml/data_extraction_rules"
31-->src\main\AndroidManifest.xml:10:9-65
32        android:debuggable="true"
33        android:fullBackupContent="@xml/backup_rules"
33-->src\main\AndroidManifest.xml:11:9-54
34        android:icon="@mipmap/ic_launcher"
34-->src\main\AndroidManifest.xml:12:9-43
35        android:label="@string/app_name"
35-->src\main\AndroidManifest.xml:13:9-41
36        android:roundIcon="@mipmap/ic_launcher_round"
36-->src\main\AndroidManifest.xml:14:9-54
37        android:supportsRtl="true"
37-->src\main\AndroidManifest.xml:15:9-35
38        android:testOnly="true"
39        android:theme="@style/Theme.IS3TestsProject" >
39-->src\main\AndroidManifest.xml:16:9-53
40        <activity
40-->src\main\AndroidManifest.xml:18:9-20:40
41            android:name="com.example.is3testsproject.SignUpActivity"
41-->src\main\AndroidManifest.xml:19:13-43
42            android:exported="false" />
42-->src\main\AndroidManifest.xml:20:13-37
43        <activity
43-->src\main\AndroidManifest.xml:21:9-23:40
44            android:name="com.example.is3testsproject.SignInActivity"
44-->src\main\AndroidManifest.xml:22:13-43
45            android:exported="false" />
45-->src\main\AndroidManifest.xml:23:13-37
46        <!--
47             TODO: Before you run your application, you need a Google Maps API key.
48
49             To get one, follow the directions here:
50
51                https://developers.google.com/maps/documentation/android-sdk/get-api-key
52
53             Once you have your API key (it starts with "AIza"), define a new property in your
54             project's local.properties file (e.g. MAPS_API_KEY=Aiza...), and replace the
55             "YOUR_API_KEY" string in this file with "${MAPS_API_KEY}".
56        -->
57        <meta-data
57-->src\main\AndroidManifest.xml:35:9-37:71
58            android:name="com.google.android.geo.API_KEY"
58-->src\main\AndroidManifest.xml:36:13-58
59            android:value="AIzaSyD8DwllOsTgPBKKQgbfTGtxkjxVxTPmHvQ" />
59-->src\main\AndroidManifest.xml:37:13-68
60
61        <!-- <activity -->
62        <!-- android:name=".MapsActivity" -->
63        <!-- android:exported="true" -->
64        <!-- android:label="@string/title_activity_maps"> -->
65        <!-- <intent-filter> -->
66        <!-- <action android:name="android.intent.action.MAIN" /> -->
67
68
69        <!-- <category android:name="android.intent.category.LAUNCHER" /> -->
70        <!-- </intent-filter> -->
71        <!-- </activity> -->
72
73        <activity
73-->src\main\AndroidManifest.xml:50:9-55:20
74            android:name="com.example.is3testsproject.MapsActivity"
74-->src\main\AndroidManifest.xml:51:13-41
75            android:configChanges="orientation|keyboardHidden|screenSize"
75-->src\main\AndroidManifest.xml:52:13-74
76            android:label="@string/app_name" >
76-->src\main\AndroidManifest.xml:53:13-45
77        </activity>
78        <activity android:name="com.example.is3testsproject.tienda_activity" />
78-->src\main\AndroidManifest.xml:57:9-90
78-->src\main\AndroidManifest.xml:57:19-77
79        <activity android:name="com.example.is3testsproject.item_comprado_opcional_activity" />
79-->src\main\AndroidManifest.xml:58:9-105
79-->src\main\AndroidManifest.xml:58:19-93
80        <activity android:name="com.example.is3testsproject.item_comprado_activity" />
80-->src\main\AndroidManifest.xml:59:9-96
80-->src\main\AndroidManifest.xml:59:19-84
81        <activity android:name="com.example.is3testsproject.mi_actividad_activity" />
81-->src\main\AndroidManifest.xml:60:9-95
81-->src\main\AndroidManifest.xml:60:19-83
82        <activity android:name="com.example.is3testsproject.home_activity" />
82-->src\main\AndroidManifest.xml:61:9-87
82-->src\main\AndroidManifest.xml:61:19-75
83        <activity android:name="com.example.is3testsproject.register_activity" />
83-->src\main\AndroidManifest.xml:62:9-91
83-->src\main\AndroidManifest.xml:62:19-79
84        <activity
84-->src\main\AndroidManifest.xml:63:9-69:20
85            android:name="com.example.is3testsproject.login_activity"
85-->src\main\AndroidManifest.xml:63:19-76
86            android:exported="true" >
86-->src\main\AndroidManifest.xml:64:13-36
87            <intent-filter>
87-->src\main\AndroidManifest.xml:65:13-68:29
88                <action android:name="android.intent.action.MAIN" />
88-->src\main\AndroidManifest.xml:66:17-69
88-->src\main\AndroidManifest.xml:66:25-66
89
90                <category android:name="android.intent.category.LAUNCHER" />
90-->src\main\AndroidManifest.xml:67:17-77
90-->src\main\AndroidManifest.xml:67:27-74
91            </intent-filter>
92        </activity>
93        <!-- Needs to be explicitly declared on P+ -->
94        <uses-library
94-->[com.google.android.gms:play-services-maps:17.0.1] AndroidManifest.xml:39:9-41:40
95            android:name="org.apache.http.legacy"
95-->[com.google.android.gms:play-services-maps:17.0.1] AndroidManifest.xml:40:13-50
96            android:required="false" />
96-->[com.google.android.gms:play-services-maps:17.0.1] AndroidManifest.xml:41:13-37
97
98        <activity
98-->[com.google.firebase:firebase-auth:21.0.6] AndroidManifest.xml:27:9-44:20
99            android:name="com.google.firebase.auth.internal.GenericIdpActivity"
99-->[com.google.firebase:firebase-auth:21.0.6] AndroidManifest.xml:28:13-80
100            android:excludeFromRecents="true"
100-->[com.google.firebase:firebase-auth:21.0.6] AndroidManifest.xml:29:13-46
101            android:exported="true"
101-->[com.google.firebase:firebase-auth:21.0.6] AndroidManifest.xml:30:13-36
102            android:launchMode="singleTask"
102-->[com.google.firebase:firebase-auth:21.0.6] AndroidManifest.xml:31:13-44
103            android:theme="@android:style/Theme.Translucent.NoTitleBar" >
103-->[com.google.firebase:firebase-auth:21.0.6] AndroidManifest.xml:32:13-72
104            <intent-filter>
104-->[com.google.firebase:firebase-auth:21.0.6] AndroidManifest.xml:33:13-43:29
105                <action android:name="android.intent.action.VIEW" />
105-->[com.google.firebase:firebase-auth:21.0.6] AndroidManifest.xml:34:17-69
105-->[com.google.firebase:firebase-auth:21.0.6] AndroidManifest.xml:34:25-66
106
107                <category android:name="android.intent.category.DEFAULT" />
107-->[com.google.firebase:firebase-auth:21.0.6] AndroidManifest.xml:36:17-76
107-->[com.google.firebase:firebase-auth:21.0.6] AndroidManifest.xml:36:27-73
108                <category android:name="android.intent.category.BROWSABLE" />
108-->[com.google.firebase:firebase-auth:21.0.6] AndroidManifest.xml:37:17-78
108-->[com.google.firebase:firebase-auth:21.0.6] AndroidManifest.xml:37:27-75
109
110                <data
110-->[com.google.firebase:firebase-auth:21.0.6] AndroidManifest.xml:39:17-42:51
111                    android:host="firebase.auth"
111-->[com.google.firebase:firebase-auth:21.0.6] AndroidManifest.xml:40:21-49
112                    android:path="/"
112-->[com.google.firebase:firebase-auth:21.0.6] AndroidManifest.xml:41:21-37
113                    android:scheme="genericidp" />
113-->[com.google.firebase:firebase-auth:21.0.6] AndroidManifest.xml:42:21-48
114            </intent-filter>
115        </activity>
116        <activity
116-->[com.google.firebase:firebase-auth:21.0.6] AndroidManifest.xml:45:9-62:20
117            android:name="com.google.firebase.auth.internal.RecaptchaActivity"
117-->[com.google.firebase:firebase-auth:21.0.6] AndroidManifest.xml:46:13-79
118            android:excludeFromRecents="true"
118-->[com.google.firebase:firebase-auth:21.0.6] AndroidManifest.xml:47:13-46
119            android:exported="true"
119-->[com.google.firebase:firebase-auth:21.0.6] AndroidManifest.xml:48:13-36
120            android:launchMode="singleTask"
120-->[com.google.firebase:firebase-auth:21.0.6] AndroidManifest.xml:49:13-44
121            android:theme="@android:style/Theme.Translucent.NoTitleBar" >
121-->[com.google.firebase:firebase-auth:21.0.6] AndroidManifest.xml:50:13-72
122            <intent-filter>
122-->[com.google.firebase:firebase-auth:21.0.6] AndroidManifest.xml:51:13-61:29
123                <action android:name="android.intent.action.VIEW" />
123-->[com.google.firebase:firebase-auth:21.0.6] AndroidManifest.xml:34:17-69
123-->[com.google.firebase:firebase-auth:21.0.6] AndroidManifest.xml:34:25-66
124
125                <category android:name="android.intent.category.DEFAULT" />
125-->[com.google.firebase:firebase-auth:21.0.6] AndroidManifest.xml:36:17-76
125-->[com.google.firebase:firebase-auth:21.0.6] AndroidManifest.xml:36:27-73
126                <category android:name="android.intent.category.BROWSABLE" />
126-->[com.google.firebase:firebase-auth:21.0.6] AndroidManifest.xml:37:17-78
126-->[com.google.firebase:firebase-auth:21.0.6] AndroidManifest.xml:37:27-75
127
128                <data
128-->[com.google.firebase:firebase-auth:21.0.6] AndroidManifest.xml:39:17-42:51
129                    android:host="firebase.auth"
129-->[com.google.firebase:firebase-auth:21.0.6] AndroidManifest.xml:40:21-49
130                    android:path="/"
130-->[com.google.firebase:firebase-auth:21.0.6] AndroidManifest.xml:41:21-37
131                    android:scheme="recaptcha" />
131-->[com.google.firebase:firebase-auth:21.0.6] AndroidManifest.xml:42:21-48
132            </intent-filter>
133        </activity>
134
135        <service
135-->[com.google.firebase:firebase-auth:21.0.6] AndroidManifest.xml:64:9-70:19
136            android:name="com.google.firebase.components.ComponentDiscoveryService"
136-->[com.google.firebase:firebase-auth:21.0.6] AndroidManifest.xml:65:13-84
137            android:directBootAware="true"
137-->[com.google.firebase:firebase-common:20.1.1] AndroidManifest.xml:35:13-43
138            android:exported="false" >
138-->[com.google.firebase:firebase-auth:21.0.6] AndroidManifest.xml:66:13-37
139            <meta-data
139-->[com.google.firebase:firebase-auth:21.0.6] AndroidManifest.xml:67:13-69:85
140                android:name="com.google.firebase.components:com.google.firebase.auth.FirebaseAuthRegistrar"
140-->[com.google.firebase:firebase-auth:21.0.6] AndroidManifest.xml:68:17-109
141                android:value="com.google.firebase.components.ComponentRegistrar" />
141-->[com.google.firebase:firebase-auth:21.0.6] AndroidManifest.xml:69:17-82
142            <meta-data
142-->[com.google.firebase:firebase-database:20.0.5] AndroidManifest.xml:32:13-34:85
143                android:name="com.google.firebase.components:com.google.firebase.database.DatabaseRegistrar"
143-->[com.google.firebase:firebase-database:20.0.5] AndroidManifest.xml:33:17-109
144                android:value="com.google.firebase.components.ComponentRegistrar" />
144-->[com.google.firebase:firebase-database:20.0.5] AndroidManifest.xml:34:17-82
145        </service>
146
147        <provider
147-->[com.google.firebase:firebase-common:20.1.1] AndroidManifest.xml:26:9-31:39
148            android:name="com.google.firebase.provider.FirebaseInitProvider"
148-->[com.google.firebase:firebase-common:20.1.1] AndroidManifest.xml:27:13-77
149            android:authorities="com.example.is3testsproject.firebaseinitprovider"
149-->[com.google.firebase:firebase-common:20.1.1] AndroidManifest.xml:28:13-72
150            android:directBootAware="true"
150-->[com.google.firebase:firebase-common:20.1.1] AndroidManifest.xml:29:13-43
151            android:exported="false"
151-->[com.google.firebase:firebase-common:20.1.1] AndroidManifest.xml:30:13-37
152            android:initOrder="100" />
152-->[com.google.firebase:firebase-common:20.1.1] AndroidManifest.xml:31:13-36
153
154        <activity
154-->[com.google.android.gms:play-services-base:18.0.1] AndroidManifest.xml:20:9-22:45
155            android:name="com.google.android.gms.common.api.GoogleApiActivity"
155-->[com.google.android.gms:play-services-base:18.0.1] AndroidManifest.xml:20:19-85
156            android:exported="false"
156-->[com.google.android.gms:play-services-base:18.0.1] AndroidManifest.xml:22:19-43
157            android:theme="@android:style/Theme.Translucent.NoTitleBar" />
157-->[com.google.android.gms:play-services-base:18.0.1] AndroidManifest.xml:21:19-78
158
159        <meta-data
159-->[com.google.android.gms:play-services-basement:18.0.0] AndroidManifest.xml:21:9-23:69
160            android:name="com.google.android.gms.version"
160-->[com.google.android.gms:play-services-basement:18.0.0] AndroidManifest.xml:22:13-58
161            android:value="@integer/google_play_services_version" />
161-->[com.google.android.gms:play-services-basement:18.0.0] AndroidManifest.xml:23:13-66
162    </application>
163
164</manifest>